<?xml version="1.0" encoding="UTF-8"?>
<!-- Generated by org.testng.reporters.JUnitXMLReporter -->
<testsuite ignored="0" hostname="DESKTOP-DHPP2VT" failures="0" tests="3" name="Default test" time="33.532" errors="0" timestamp="2025-11-06T09:58:07 PST">
  <testcase classname="rahulshettyacademy.tests.WebLogin2" name="submitOrder" time="13.906"/>
  <testcase classname="rahulshettyacademy.tests.WebLogin2" name="submitOrder" time="3.92"/>
  <testcase classname="rahulshettyacademy.tests.WebLogin2" name="verifyProduct" time="1.23"/>
</testsuite> <!-- Default test -->
