<?xml version="1.0" encoding="UTF-8"?>
<!-- Generated by org.testng.reporters.JUnitXMLReporter -->
<testsuite ignored="0" hostname="DESKTOP-DHPP2VT" failures="1" tests="3" name="Error Validations Test" time="29.88" errors="0" timestamp="2025-11-07T00:17:18 PST">
  <testcase classname="rahulshettyacademy.tests.ErrorValidations" name="loginValidation" time="0.797">
    <skipped/>
  </testcase> <!-- loginValidation -->
  <testcase classname="rahulshettyacademy.tests.ErrorValidations" name="loginValidation" time="0.732">
    <failure type="java.lang.AssertionError" message="expected [Incorrect email or password.] but found [Incorrect email  password.]">
      <![CDATA[java.lang.AssertionError: expected [Incorrect email or password.] but found [Incorrect email  password.]
at rahulshettyacademy.tests.ErrorValidations.loginValidation(ErrorValidations.java:33)
at java.base/java.util.ArrayList.forEach(ArrayList.java:1596)
... Removed 31 stack frames]]>
    </failure>
  </testcase> <!-- loginValidation -->
  <testcase classname="rahulshettyacademy.tests.ErrorValidations" name="productValidation" time="13.27"/>
</testsuite> <!-- Error Validations Test -->
