<?xml version="1.0" encoding="UTF-8"?>
<!-- Generated by org.testng.reporters.JUnitXMLReporter -->
<testsuite ignored="0" hostname="DESKTOP-DHPP2VT" failures="1" tests="3" name="Submit Order Test" time="42.204" errors="0" timestamp="2025-11-07T00:16:48 PST">
  <testcase classname="rahulshettyacademy.tests.WebLogin2" name="submitOrder" time="14.85"/>
  <testcase classname="rahulshettyacademy.tests.WebLogin2" name="submitOrder" time="3.975"/>
  <testcase classname="rahulshettyacademy.tests.WebLogin2" name="verifyProduct" time="1.229">
    <failure type="java.lang.AssertionError" message="expected [true] but found [false]">
      <![CDATA[java.lang.AssertionError: expected [true] but found [false]
at rahulshettyacademy.tests.WebLogin2.verifyProduct(WebLogin2.java:67)
at java.base/java.util.ArrayList.forEach(ArrayList.java:1596)
... Removed 29 stack frames]]>
    </failure>
  </testcase> <!-- verifyProduct -->
</testsuite> <!-- Submit Order Test -->
