<?xml version="1.0" encoding="UTF-8"?>
<!-- Generated by org.testng.reporters.JUnitXMLReporter -->
<testsuite ignored="0" hostname="DESKTOP-DHPP2VT" failures="0" tests="2" name="Error Validations Test" time="89.699" errors="0" timestamp="2025-12-02T01:40:43 PST">
  <testcase classname="rahulshettyacademy.tests.ErrorValidations" name="loginValidation" time="0.001">
    <skipped/>
  </testcase> <!-- loginValidation -->
  <testcase classname="rahulshettyacademy.tests.ErrorValidations" name="productValidation" time="0.0">
    <skipped/>
  </testcase> <!-- productValidation -->
</testsuite> <!-- Error Validations Test -->
