<?xml version="1.0" encoding="UTF-8"?>
<!-- Generated by org.testng.reporters.JUnitXMLReporter -->
<testsuite ignored="0" hostname="DESKTOP-DHPP2VT" failures="0" tests="3" name="Submit Order Test" time="72.909" errors="0" timestamp="2025-12-02T01:39:13 PST">
  <testcase classname="rahulshettyacademy.TestComponent.BaseTest" name="@BeforeMethod launchApplication" time="47.474">
    <failure type="org.openqa.selenium.WebDriverException" message="unknown error: net::ERR_CONNECTION_TIMED_OUT
  (Session info: chrome=142.0.7444.136)
Build info: version: &amp;apos;4.36.0&amp;apos;, revision: &amp;apos;6d115cfd87&amp;apos;
System info: os.name: &amp;apos;Windows 10&amp;apos;, os.arch: &amp;apos;amd64&amp;apos;, os.version: &amp;apos;10.0&amp;apos;, java.version: &amp;apos;21.0.7&amp;apos;
Driver info: org.openqa.selenium.chrome.ChromeDriver
Command: [ace9158950fc23d3b4ff3e35f6e7ab55, get {url=https://rahulshettyacademy.com/client}]
Capabilities {acceptInsecureCerts: false, browserName: chrome, browserVersion: 142.0.7444.136, chrome: {chromedriverVersion: 142.0.7444.175 (302067f14a4..., userDataDir: C:\Users\Himanshu\AppData\L...}, fedcm:accounts: true, goog:chromeOptions: {debuggerAddress: localhost:56428}, goog:processID: 2492, networkConnectionEnabled: false, pageLoadStrategy: normal, platformName: windows, proxy: Proxy(), se:cdp: ws://localhost:56428/devtoo..., se:cdpVersion: 142.0.7444.136, setWindowRect: true, strictFileInteractability: false, timeouts: {implicit: 0, pageLoad: 300000, script: 30000}, unhandledPromptBehavior: dismiss and notify, webauthn:extension:credBlob: true, webauthn:extension:largeBlob: true, webauthn:extension:minPinLength: true, webauthn:extension:prf: true, webauthn:virtualAuthenticators: true}
Session ID: ace9158950fc23d3b4ff3e35f6e7ab55">
      <![CDATA[org.openqa.selenium.WebDriverException: unknown error: net::ERR_CONNECTION_TIMED_OUT
  (Session info: chrome=142.0.7444.136)
Build info: version: '4.36.0', revision: '6d115cfd87'
System info: os.name: 'Windows 10', os.arch: 'amd64', os.version: '10.0', java.version: '21.0.7'
Driver info: org.openqa.selenium.chrome.ChromeDriver
Command: [ace9158950fc23d3b4ff3e35f6e7ab55, get {url=https://rahulshettyacademy.com/client}]
Capabilities {acceptInsecureCerts: false, browserName: chrome, browserVersion: 142.0.7444.136, chrome: {chromedriverVersion: 142.0.7444.175 (302067f14a4..., userDataDir: C:\Users\Himanshu\AppData\L...}, fedcm:accounts: true, goog:chromeOptions: {debuggerAddress: localhost:56428}, goog:processID: 2492, networkConnectionEnabled: false, pageLoadStrategy: normal, platformName: windows, proxy: Proxy(), se:cdp: ws://localhost:56428/devtoo..., se:cdpVersion: 142.0.7444.136, setWindowRect: true, strictFileInteractability: false, timeouts: {implicit: 0, pageLoad: 300000, script: 30000}, unhandledPromptBehavior: dismiss and notify, webauthn:extension:credBlob: true, webauthn:extension:largeBlob: true, webauthn:extension:minPinLength: true, webauthn:extension:prf: true, webauthn:virtualAuthenticators: true}
Session ID: ace9158950fc23d3b4ff3e35f6e7ab55
at org.openqa.selenium.remote.ErrorCodec.decode(ErrorCodec.java:167)
at org.openqa.selenium.remote.codec.w3c.W3CHttpResponseCodec.decode(W3CHttpResponseCodec.java:138)
at org.openqa.selenium.remote.codec.w3c.W3CHttpResponseCodec.decode(W3CHttpResponseCodec.java:50)
at org.openqa.selenium.remote.HttpCommandExecutor.execute(HttpCommandExecutor.java:215)
at org.openqa.selenium.remote.service.DriverCommandExecutor.invokeExecute(DriverCommandExecutor.java:216)
at org.openqa.selenium.remote.service.DriverCommandExecutor.execute(DriverCommandExecutor.java:174)
at org.openqa.selenium.remote.RemoteWebDriver.execute(RemoteWebDriver.java:557)
at org.openqa.selenium.remote.RemoteWebDriver.get(RemoteWebDriver.java:325)
at rahulshettyacademy.pageobjects.LandingPage.goTo(LandingPage.java:57)
at rahulshettyacademy.TestComponent.BaseTest.launchApplication(BaseTest.java:98)
at java.base/java.util.ArrayList.forEach(ArrayList.java:1596)
... Removed 36 stack frames]]>
    </failure>
  </testcase> <!-- @BeforeMethod launchApplication -->
  <testcase classname="rahulshettyacademy.TestComponent.BaseTest" name="@BeforeMethod launchApplication" time="23.705">
    <failure type="org.openqa.selenium.WebDriverException" message="unknown error: net::ERR_CONNECTION_TIMED_OUT
  (Session info: chrome=142.0.7444.136)
Build info: version: &amp;apos;4.36.0&amp;apos;, revision: &amp;apos;6d115cfd87&amp;apos;
System info: os.name: &amp;apos;Windows 10&amp;apos;, os.arch: &amp;apos;amd64&amp;apos;, os.version: &amp;apos;10.0&amp;apos;, java.version: &amp;apos;21.0.7&amp;apos;
Driver info: org.openqa.selenium.chrome.ChromeDriver
Command: [c86a9f6669f5d04568c9e0f7712685cf, get {url=https://rahulshettyacademy.com/client}]
Capabilities {acceptInsecureCerts: false, browserName: chrome, browserVersion: 142.0.7444.136, chrome: {chromedriverVersion: 142.0.7444.175 (302067f14a4..., userDataDir: C:\Users\Himanshu\AppData\L...}, fedcm:accounts: true, goog:chromeOptions: {debuggerAddress: localhost:56503}, goog:processID: 4032, networkConnectionEnabled: false, pageLoadStrategy: normal, platformName: windows, proxy: Proxy(), se:cdp: ws://localhost:56503/devtoo..., se:cdpVersion: 142.0.7444.136, setWindowRect: true, strictFileInteractability: false, timeouts: {implicit: 0, pageLoad: 300000, script: 30000}, unhandledPromptBehavior: dismiss and notify, webauthn:extension:credBlob: true, webauthn:extension:largeBlob: true, webauthn:extension:minPinLength: true, webauthn:extension:prf: true, webauthn:virtualAuthenticators: true}
Session ID: c86a9f6669f5d04568c9e0f7712685cf">
      <![CDATA[org.openqa.selenium.WebDriverException: unknown error: net::ERR_CONNECTION_TIMED_OUT
  (Session info: chrome=142.0.7444.136)
Build info: version: '4.36.0', revision: '6d115cfd87'
System info: os.name: 'Windows 10', os.arch: 'amd64', os.version: '10.0', java.version: '21.0.7'
Driver info: org.openqa.selenium.chrome.ChromeDriver
Command: [c86a9f6669f5d04568c9e0f7712685cf, get {url=https://rahulshettyacademy.com/client}]
Capabilities {acceptInsecureCerts: false, browserName: chrome, browserVersion: 142.0.7444.136, chrome: {chromedriverVersion: 142.0.7444.175 (302067f14a4..., userDataDir: C:\Users\Himanshu\AppData\L...}, fedcm:accounts: true, goog:chromeOptions: {debuggerAddress: localhost:56503}, goog:processID: 4032, networkConnectionEnabled: false, pageLoadStrategy: normal, platformName: windows, proxy: Proxy(), se:cdp: ws://localhost:56503/devtoo..., se:cdpVersion: 142.0.7444.136, setWindowRect: true, strictFileInteractability: false, timeouts: {implicit: 0, pageLoad: 300000, script: 30000}, unhandledPromptBehavior: dismiss and notify, webauthn:extension:credBlob: true, webauthn:extension:largeBlob: true, webauthn:extension:minPinLength: true, webauthn:extension:prf: true, webauthn:virtualAuthenticators: true}
Session ID: c86a9f6669f5d04568c9e0f7712685cf
at org.openqa.selenium.remote.ErrorCodec.decode(ErrorCodec.java:167)
at org.openqa.selenium.remote.codec.w3c.W3CHttpResponseCodec.decode(W3CHttpResponseCodec.java:138)
at org.openqa.selenium.remote.codec.w3c.W3CHttpResponseCodec.decode(W3CHttpResponseCodec.java:50)
at org.openqa.selenium.remote.HttpCommandExecutor.execute(HttpCommandExecutor.java:215)
at org.openqa.selenium.remote.service.DriverCommandExecutor.invokeExecute(DriverCommandExecutor.java:216)
at org.openqa.selenium.remote.service.DriverCommandExecutor.execute(DriverCommandExecutor.java:174)
at org.openqa.selenium.remote.RemoteWebDriver.execute(RemoteWebDriver.java:557)
at org.openqa.selenium.remote.RemoteWebDriver.get(RemoteWebDriver.java:325)
at rahulshettyacademy.pageobjects.LandingPage.goTo(LandingPage.java:57)
at rahulshettyacademy.TestComponent.BaseTest.launchApplication(BaseTest.java:98)
at java.base/java.util.ArrayList.forEach(ArrayList.java:1596)
... Removed 36 stack frames]]>
    </failure>
  </testcase> <!-- @BeforeMethod launchApplication -->
  <testcase classname="rahulshettyacademy.tests.WebLogin2" name="submitOrder" time="0.0">
    <skipped/>
  </testcase> <!-- submitOrder -->
  <testcase classname="rahulshettyacademy.tests.WebLogin2" name="submitOrder" time="0.0">
    <skipped/>
  </testcase> <!-- submitOrder -->
  <testcase classname="rahulshettyacademy.tests.WebLogin2" name="verifyProduct" time="0.001">
    <skipped/>
  </testcase> <!-- verifyProduct -->
</testsuite> <!-- Submit Order Test -->
